Running in Lattice mode


Starting:    C:\lscc\iCEcube2.2017.08\synpbase\bin64\mbin\synbatch.exe
Install:     C:\lscc\iCEcube2.2017.08\synpbase
Hostname:    DESKTOP-QDLO61O
Date:        Sun Oct 07 03:20:31 2018
Version:     L-2016.09L+ice40

Arguments:   -product synplify_pro -batch MATTY_syn.prj
ProductType: synplify_pro





log file: "C:\Users\david\Desktop\luc\MATTY serie\MATTY_Implmnt\MATTY.srr"
Running: MATTY_Implmnt in foreground

Running MATTY_syn|MATTY_Implmnt

Running: compile (Compile) on MATTY_syn|MATTY_Implmnt
# Sun Oct 07 03:20:31 2018

Running: compile_flow (Compile Process) on MATTY_syn|MATTY_Implmnt
# Sun Oct 07 03:20:31 2018

Running: compiler (Compile Input) on MATTY_syn|MATTY_Implmnt
# Sun Oct 07 03:20:31 2018
Copied C:\Users\david\Desktop\luc\MATTY serie\MATTY_Implmnt\synwork\MATTY_comp.srs to C:\Users\david\Desktop\luc\MATTY serie\MATTY_Implmnt\MATTY.srs

compiler completed
# Sun Oct 07 03:20:33 2018

Return Code: 0
Run Time:00h:00m:02s

Running: multi_srs_gen (Multi-srs Generator) on MATTY_syn|MATTY_Implmnt
# Sun Oct 07 03:20:33 2018

multi_srs_gen completed
# Sun Oct 07 03:20:34 2018

Return Code: 0
Run Time:00h:00m:01s
Copied C:\Users\david\Desktop\luc\MATTY serie\MATTY_Implmnt\synwork\MATTY_mult.srs to C:\Users\david\Desktop\luc\MATTY serie\MATTY_Implmnt\MATTY.srs
Complete: Compile Process on MATTY_syn|MATTY_Implmnt

Running: premap (Pre-mapping) on MATTY_syn|MATTY_Implmnt
# Sun Oct 07 03:20:34 2018

premap completed with warnings
# Sun Oct 07 03:20:34 2018

Return Code: 1
Run Time:00h:00m:00s
Complete: Compile on MATTY_syn|MATTY_Implmnt

Running: map (Map) on MATTY_syn|MATTY_Implmnt
# Sun Oct 07 03:20:34 2018
License granted for 4 parallel jobs

Running: fpga_mapper (Map & Optimize) on MATTY_syn|MATTY_Implmnt
# Sun Oct 07 03:20:34 2018
Copied C:\Users\david\Desktop\luc\MATTY serie\MATTY_Implmnt\synwork\MATTY_m.srm to C:\Users\david\Desktop\luc\MATTY serie\MATTY_Implmnt\MATTY.srm

fpga_mapper completed with warnings
# Sun Oct 07 03:20:44 2018

Return Code: 1
Run Time:00h:00m:10s
Complete: Map on MATTY_syn|MATTY_Implmnt
Complete: Logic Synthesis on MATTY_syn|MATTY_Implmnt

exit status=0

exit status=0

