---------------------------------------
Resource Usage Report for MATTY_MAIN_VHDL 

Mapping to part: ice40hx4ktq144
Cell usage:
GND             5 uses
SB_CARRY        362 uses
SB_DFF          3 uses
SB_DFFE         38 uses
SB_DFFER        561 uses
SB_DFFES        31 uses
SB_DFFESR       1 use
SB_DFFNR        14 uses
SB_DFFR         145 uses
SB_DFFS         7 uses
SB_DFFSR        39 uses
SB_GB           8 uses
SB_PLL40_2F_CORE  1 use
VCC             5 uses
SB_LUT4         913 uses

I/O ports: 84
I/O primitives: 80
SB_IO          80 uses

I/O Register bits:                  0
Register bits not including I/Os:   839 (23%)

@S |Mapping Summary:
Total  LUTs: 913 (25%)

Distribution of All Consumed LUTs = LUT4 
Distribution of All Consumed Luts 913 = 913 

