Active-HDL 10.3.3558.6081  2018-05-13 05:32:34

Elaboration top modules:
Architecture                  testbench_arch(MATTY_MAIN_VHDL_tb)


--------------------------------------------------------------------------------------------------------------------------------------
Entity             | Architecture       | Library | Info | Compiler Version          | Compilation Options
--------------------------------------------------------------------------------------------------------------------------------------
MATTY_MAIN_VHDL_tb | testbench_arch     | a       |      | 10.3.3558.6081  (Windows) | -O3
MATTY_MAIN_VHDL    | \INTERFACE\        | a       |      |                           | 
mobl_1Mx16         | behave_arch        | a       |      | 10.3.3558.6081  (Windows) | -O3
sb_pll40_2f_core   | sb_pll40_2f_core_v | ice     |      | 10.3.3558.6081  (Windows) | -vendor lattice
io_pad             | io_pad_v           | ice     |      | 10.3.3558.6081  (Windows) | -vendor lattice
pre_io             | pre_io_v           | ice     |      | 10.3.3558.6081  (Windows) | -vendor lattice
inmux              | inmux_v            | ice     |      | 10.3.3558.6081  (Windows) | -vendor lattice
localmux           | localmux_v         | ice     |      | 10.3.3558.6081  (Windows) | -vendor lattice
sp12to4            | sp12to4_v          | ice     |      | 10.3.3558.6081  (Windows) | -vendor lattice
span12mux_v        | span12mux_v_v      | ice     |      | 10.3.3558.6081  (Windows) | -vendor lattice
odrv12             | odrv12_v           | ice     |      | 10.3.3558.6081  (Windows) | -vendor lattice
span4mux_v         | span4mux_v_v       | ice     |      | 10.3.3558.6081  (Windows) | -vendor lattice
span12mux_s10_h    | span12mux_s10_h_v  | ice     |      | 10.3.3558.6081  (Windows) | -vendor lattice
span12mux_h        | span12mux_h_v      | ice     |      | 10.3.3558.6081  (Windows) | -vendor lattice
ioinmux            | ioinmux_v          | ice     |      | 10.3.3558.6081  (Windows) | -vendor lattice
span4mux_s2_v      | span4mux_s2_v_v    | ice     |      | 10.3.3558.6081  (Windows) | -vendor lattice
odrv4              | odrv4_v            | ice     |      | 10.3.3558.6081  (Windows) | -vendor lattice
clkmux             | clkmux_v           | ice     |      | 10.3.3558.6081  (Windows) | -vendor lattice
globalmux          | globalmux_v        | ice     |      | 10.3.3558.6081  (Windows) | -vendor lattice
gio2ctrlbuf        | gio2ctrlbuf_v      | ice     |      | 10.3.3558.6081  (Windows) | -vendor lattice
span4mux_h         | span4mux_h_v       | ice     |      | 10.3.3558.6081  (Windows) | -vendor lattice
span4mux_s3_v      | span4mux_s3_v_v    | ice     |      | 10.3.3558.6081  (Windows) | -vendor lattice
cascademux         | cascademux_v       | ice     |      | 10.3.3558.6081  (Windows) | -vendor lattice
iospan4mux         | iospan4mux_v       | ice     |      | 10.3.3558.6081  (Windows) | -vendor lattice
span12mux_s4_h     | span12mux_s4_h_v   | ice     |      | 10.3.3558.6081  (Windows) | -vendor lattice
srmux              | srmux_v            | ice     |      | 10.3.3558.6081  (Windows) | -vendor lattice
cemux              | cemux_v            | ice     |      | 10.3.3558.6081  (Windows) | -vendor lattice
span12mux_s11_v    | span12mux_s11_v_v  | ice     |      | 10.3.3558.6081  (Windows) | -vendor lattice
span12mux_s9_h     | span12mux_s9_h_v   | ice     |      | 10.3.3558.6081  (Windows) | -vendor lattice
span4mux_s3_h      | span4mux_s3_h_v    | ice     |      | 10.3.3558.6081  (Windows) | -vendor lattice
span4mux_s2_h      | span4mux_s2_h_v    | ice     |      | 10.3.3558.6081  (Windows) | -vendor lattice
span12mux_s7_v     | span12mux_s7_v_v   | ice     |      | 10.3.3558.6081  (Windows) | -vendor lattice
span4mux_s0_v      | span4mux_s0_v_v    | ice     |      | 10.3.3558.6081  (Windows) | -vendor lattice
span12mux_s11_h    | span12mux_s11_h_v  | ice     |      | 10.3.3558.6081  (Windows) | -vendor lattice
span12mux_s7_h     | span12mux_s7_h_v   | ice     |      | 10.3.3558.6081  (Windows) | -vendor lattice
span4mux_s1_h      | span4mux_s1_h_v    | ice     |      | 10.3.3558.6081  (Windows) | -vendor lattice
span12mux_s10_v    | span12mux_s10_v_v  | ice     |      | 10.3.3558.6081  (Windows) | -vendor lattice
span4mux_s0_h      | span4mux_s0_h_v    | ice     |      | 10.3.3558.6081  (Windows) | -vendor lattice
span12mux_s6_v     | span12mux_s6_v_v   | ice     |      | 10.3.3558.6081  (Windows) | -vendor lattice
span12mux_s8_v     | span12mux_s8_v_v   | ice     |      | 10.3.3558.6081  (Windows) | -vendor lattice
span12mux_s2_h     | span12mux_s2_h_v   | ice     |      | 10.3.3558.6081  (Windows) | -vendor lattice
span12mux_s2_v     | span12mux_s2_v_v   | ice     |      | 10.3.3558.6081  (Windows) | -vendor lattice
span12mux_s8_h     | span12mux_s8_h_v   | ice     |      | 10.3.3558.6081  (Windows) | -vendor lattice
glb2localmux       | glb2localmux_v     | ice     |      | 10.3.3558.6081  (Windows) | -vendor lattice
span4mux_s1_v      | span4mux_s1_v_v    | ice     |      | 10.3.3558.6081  (Windows) | -vendor lattice
inv                | inv_v              | ice     |      | 10.3.3558.6081  (Windows) | -vendor lattice
ice_carry_in_mux   | ice_carry_in_mux_v | ice     |      | 10.3.3558.6081  (Windows) | -vendor lattice
ice_gb             | ice_gb_v           | ice     |      | 10.3.3558.6081  (Windows) | -vendor lattice
vcc                | vcc_v              | ice     |      | 10.3.3558.6081  (Windows) | -vendor lattice
gnd                | gnd_v              | ice     |      | 10.3.3558.6081  (Windows) | -vendor lattice
logiccell40        | logiccell40_v      | ice     |      | 10.3.3558.6081  (Windows) | -vendor lattice
preio_physical     | preio_physical_v   | ice     |      | 10.3.3558.6081  (Windows) | -vendor lattice
logic_cell40       | logic_cell40_v     | ice     |      | 10.3.3558.6081  (Windows) | -vendor lattice
coredffr2          | coredffr2_v        | ice     |      | 10.3.3558.6081  (Windows) | -vendor lattice
carry_logic        | carry_logic_v      | ice     |      | 10.3.3558.6081  (Windows) | -vendor lattice
o_mux              | o_mux_v            | ice     |      | 10.3.3558.6081  (Windows) | -vendor lattice
clut4              | clut4_v            | ice     |      | 10.3.3558.6081  (Windows) | -vendor lattice
inv_hvt            | inv_hvt_v          | ice     |      | 10.3.3558.6081  (Windows) | -vendor lattice
--------------------------------------------------------------------------------------------------------------------------------------

--------------------------------------------------------------------------------------------------------------------------------------
Verilog Module                          | Library | Info | Compiler Version          | Compilation Options
--------------------------------------------------------------------------------------------------------------------------------------
Sbt_DS_PLL40                            | ice     |      | 10.3.3558.6081  (Windows) | -dbg -v2k5 -vendor lattice +define+TIMINGCHECK
pllcfg_dynamicsetting_shiftreg          | ice     |      | 10.3.3558.6081  (Windows) | -dbg -v2k5 -vendor lattice +define+TIMINGCHECK
ShiftReg427_DS                          | ice     |      | 10.3.3558.6081  (Windows) | -dbg -v2k5 -vendor lattice +define+TIMINGCHECK
mux4to1                                 | ice     |      | 10.3.3558.6081  (Windows) | -dbg -v2k5 -vendor lattice +define+TIMINGCHECK
FineDlyAdj                              | ice     |      | 10.3.3558.6081  (Windows) | -dbg -v2k5 -vendor lattice +define+TIMINGCHECK
ABIWTCZ4                                | ice     |      | 10.3.3558.6081  (Windows) | -v2k5 -vendor lattice +define+TIMINGCHECK
Delay4Buf                               | ice     |      | 10.3.3558.6081  (Windows) | -dbg -v2k5 -vendor lattice +define+TIMINGCHECK
SbtSPLL40                               | ice     |      | 10.3.3558.6081  (Windows) | -dbg -v2k5 -vendor lattice +define+TIMINGCHECK
ShiftReg427                             | ice     |      | 10.3.3558.6081  (Windows) | -dbg -v2k5 -vendor lattice +define+TIMINGCHECK
--------------------------------------------------------------------------------------------------------------------------------------

--------------------------------------------------------------------------------------------------------------------------------------
VHDL Package                            | Library | Info | Compiler Version          | Compilation Options
--------------------------------------------------------------------------------------------------------------------------------------
standard                                | std     |      |                           | <unavailable>
TEXTIO                                  | std     |      | 10.3.3558.6081  (Windows) |  -2008
std_logic_1164                          | ieee    |      | 10.3.3558.6081  (Windows) |  -2008
std_logic_arith                         | ieee    |      | 10.3.3558.6081  (Windows) | <unavailable>
STD_LOGIC_UNSIGNED                      | ieee    |      | 10.3.3558.6081  (Windows) | <unavailable>
VITAL_Timing                            | ieee    |      | 10.3.3558.6081  (Windows) | <unavailable>
NUMERIC_STD                             | ieee    |      | 10.3.3558.6081  (Windows) |  -2008
vcomponent_vital                        | ice     |      | 10.3.3558.6081  (Windows) | -vendor lattice
STD_LOGIC_TEXTIO                        | ieee    |      | 10.3.3558.6081  (Windows) | <unavailable>
package_timing                          | a       |      | 10.3.3558.6081  (Windows) | -O3
package_utility                         | a       |      | 10.3.3558.6081  (Windows) | -O3
VITAL_Primitives                        | ieee    |      | 10.3.3558.6081  (Windows) | <unavailable>
std_logic_SBT                           | ice     |      | 10.3.3558.6081  (Windows) | -vendor lattice
lc_package                              | ice     |      | 10.3.3558.6081  (Windows) | -vendor lattice
--------------------------------------------------------------------------------------------------------------------------------------

--------------------------------------------------------------------------------------------------------------------------------------
Library                                 | Comment
--------------------------------------------------------------------------------------------------------------------------------------
a                                       | None
ice                                     | LATTICE iCEcube2 2016.12, SB ICE VHDL LIBRARY
ieee                                    | Standard IEEE packages library
std                                     | Standard VHDL library
--------------------------------------------------------------------------------------------------------------------------------------
