INPUT  spi_sclk_ft 	 location (22, 0, 1) 	 64 	 
INOUT RAM_DATA[1] 	 location (21, 21, 1) 	 117 	 
OUTPUT RAM_ADD[8] 	 location (25, 19, 1) 	 106 	 
OUTPUT RAM_ADD[12] 	 location (25, 5, 0) 	 81 	 
OUTPUT RAM_ADD[1] 	 location (15, 21, 0) 	 124 	 
INOUT RAM_DATA[5] 	 location (23, 21, 1) 	 113 	 
INOUT RAM_DATA[13] 	 location (25, 9, 1) 	 90 	 
INPUT  ADC9 	 location (2, 21, 1) 	 144 	 
INPUT  spi_cs_ft 	 location (25, 1, 0) 	 73 	 
OUTPUT poff 	 location (0, 15, 0) 	 12 	 
OUTPUT RAM_nOE 	 location (25, 13, 1) 	 96 	 
OUTPUT RAM_ADD[4] 	 location (19, 21, 0) 	 120 	 
OUTPUT RAM_ADD[17] 	 location (25, 15, 1) 	 99 	 
INPUT  ADC0 	 location (7, 21, 1) 	 134 	 
OUTPUT spi_mosi_flash 	 location (23, 0, 0) 	 67 	 
INPUT  spi_miso_flash 	 location (23, 0, 1) 	 68 	 
INOUT RAM_DATA[11] 	 location (25, 8, 1) 	 87 	 
INPUT  trig_ft 	 location (19, 0, 0) 	 61 	 
OUTPUT spi_miso_rpi 	 location (0, 3, 0) 	 29 	 
OUTPUT RAM_nWE 	 location (25, 16, 1) 	 101 	 
INOUT RAM_DATA[2] 	 location (22, 21, 0) 	 116 	 
OUTPUT RAM_ADD[2] 	 location (15, 21, 1) 	 122 	 
OUTPUT RAM_ADD[11] 	 location (25, 5, 1) 	 82 	 
OUTPUT DAC_cs 	 location (2, 0, 1) 	 38 	 
INPUT  ADC6 	 location (4, 21, 0) 	 141 	 
INPUT  spi_select 	 location (0, 7, 1) 	 23 	 
INPUT  clk 	 location (0, 10, 1) 	 21 	 
INOUT RAM_DATA[9] 	 location (25, 7, 1) 	 85 	 
OUTPUT RAM_ADD[18] 	 location (25, 3, 1) 	 78 	 
INOUT RAM_DATA[14] 	 location (25, 10, 0) 	 91 	 
INOUT RAM_DATA[0] 	 location (20, 21, 0) 	 118 	 
OUTPUT RAM_ADD[13] 	 location (25, 4, 1) 	 80 	 
OUTPUT RAM_ADD[0] 	 location (14, 21, 1) 	 125 	 
INPUT  ADC4 	 location (5, 21, 1) 	 138 	 
INPUT  trig_rpi 	 location (0, 10, 0) 	 22 	 
INPUT  top_tour2 	 location (0, 6, 1) 	 25 	 
INPUT  spi_cs_rpi 	 location (25, 1, 1) 	 74 	 
OUTPUT RAM_ADD[9] 	 location (25, 20, 0) 	 107 	 
OUTPUT DAC_sclk 	 location (2, 0, 0) 	 37 	 
OUTPUT ADC_clk 	 location (9, 21, 1) 	 130 	 
INPUT  ADC3 	 location (6, 21, 0) 	 137 	 
INPUT  trig_ext 	 location (0, 13, 0) 	 16 	 
INPUT  spi_mosi_rpi 	 location (0, 2, 1) 	 31 	 
INPUT  spi_mosi_ft 	 location (22, 0, 0) 	 63 	 
INPUT  cs_rpi2flash 	 location (25, 2, 0) 	 75 	 
INOUT RAM_DATA[6] 	 location (24, 21, 0) 	 112 	 
INOUT RAM_DATA[12] 	 location (25, 9, 0) 	 88 	 
OUTPUT spi_cs_flash 	 location (24, 0, 1) 	 71 	 
OUTPUT pon 	 location (0, 15, 1) 	 11 	 
OUTPUT RAM_nCE 	 location (19, 21, 1) 	 119 	 
OUTPUT RAM_ADD[7] 	 location (25, 19, 0) 	 105 	 
OUTPUT RAM_ADD[14] 	 location (25, 4, 0) 	 79 	 
OUTPUT LED3 	 location (0, 17, 1) 	 9 	 
INPUT  ADC1 	 location (7, 21, 0) 	 135 	 
INPUT  reset_rpi 	 location (11, 0, 1) 	 47 	 
OUTPUT RAM_nLB 	 location (25, 11, 0) 	 94 	 
INOUT RAM_DATA[4] 	 location (23, 21, 0) 	 114 	 
INOUT RAM_DATA[10] 	 location (25, 2, 1) 	 76 	 
OUTPUT LED_MODE 	 location (0, 18, 1) 	 7 	 
INPUT  ADC8 	 location (3, 21, 0) 	 143 	 
INPUT  spi_sclk_rpi 	 location (0, 3, 1) 	 28 	 
INOUT RAM_DATA[3] 	 location (22, 21, 1) 	 115 	 
OUTPUT RAM_ADD[5] 	 location (25, 17, 0) 	 102 	 
OUTPUT RAM_ADD[16] 	 location (25, 14, 1) 	 98 	 
INPUT  ADC7 	 location (3, 21, 1) 	 142 	 
INPUT  top_tour1 	 location (0, 7, 0) 	 24 	 
OUTPUT spi_miso_ft 	 location (21, 0, 0) 	 62 	 
INPUT  button_mode 	 location (0, 19, 1) 	 3 	 
OUTPUT RAM_ADD[3] 	 location (18, 21, 0) 	 121 	 
OUTPUT RAM_ADD[10] 	 location (25, 6, 0) 	 83 	 
OUTPUT DAC_mosi 	 location (3, 0, 1) 	 39 	 
INPUT  ADC5 	 location (5, 21, 0) 	 139 	 
INOUT RAM_DATA[8] 	 location (25, 6, 1) 	 84 	 
OUTPUT LED_ACQ 	 location (0, 20, 0) 	 2 	 
INOUT RAM_DATA[7] 	 location (24, 21, 1) 	 110 	 
INOUT RAM_DATA[15] 	 location (25, 10, 1) 	 93 	 
OUTPUT spi_sclk_flash 	 location (24, 0, 0) 	 70 	 
OUTPUT RAM_nUB 	 location (25, 12, 1) 	 95 	 
OUTPUT RAM_ADD[6] 	 location (25, 18, 1) 	 104 	 
OUTPUT RAM_ADD[15] 	 location (25, 14, 0) 	 97 	 
INPUT  ADC2 	 location (6, 21, 1) 	 136 	 
